<?xml version="1.0" encoding="UTF-8"?>
<testng-results ignored="0" total="1" passed="1" failed="0" skipped="0">
  <reporter-output>
  </reporter-output>
  <suite started-at="2022-11-08T19:20:53 IST" name="Default suite" finished-at="2022-11-08T19:21:34 IST" duration-ms="41257">
    <groups>
    </groups>
    <test started-at="2022-11-08T19:20:53 IST" name="Default test" finished-at="2022-11-08T19:21:34 IST" duration-ms="41257">
      <class name="realDevice.RealDevice">
        <test-method is-config="true" signature="report()[pri:0, instance:realDevice.RealDevice@6340e5f0]" started-at="2022-11-08T19:20:52 IST" name="report" finished-at="2022-11-08T19:20:53 IST" duration-ms="488" status="PASS">
          <reporter-output>
          </reporter-output>
        </test-method> <!-- report -->
        <test-method is-config="true" signature="appLaunch()[pri:0, instance:realDevice.RealDevice@6340e5f0]" started-at="2022-11-08T19:20:53 IST" name="appLaunch" finished-at="2022-11-08T19:21:13 IST" duration-ms="20393" status="PASS">
          <reporter-output>
          </reporter-output>
        </test-method> <!-- appLaunch -->
        <test-method signature="appStore()[pri:0, instance:realDevice.RealDevice@6340e5f0]" started-at="2022-11-08T19:21:13 IST" name="appStore" finished-at="2022-11-08T19:21:34 IST" duration-ms="20795" status="PASS">
          <reporter-output>
          </reporter-output>
        </test-method> <!-- appStore -->
        <test-method is-config="true" signature="reportexit()[pri:0, instance:realDevice.RealDevice@6340e5f0]" started-at="2022-11-08T19:21:34 IST" name="reportexit" finished-at="2022-11-08T19:21:36 IST" duration-ms="1601" status="PASS">
          <reporter-output>
          </reporter-output>
        </test-method> <!-- reportexit -->
      </class> <!-- realDevice.RealDevice -->
    </test> <!-- Default test -->
  </suite> <!-- Default suite -->
</testng-results>
