<?xml version="1.0" encoding="UTF-8"?>
<testng-results ignored="0" total="1" passed="1" failed="0" skipped="0">
  <reporter-output>
  </reporter-output>
  <suite started-at="2022-11-07T12:08:57 IST" name="Default suite" finished-at="2022-11-07T12:09:24 IST" duration-ms="26593">
    <groups>
    </groups>
    <test started-at="2022-11-07T12:08:57 IST" name="Default test" finished-at="2022-11-07T12:09:24 IST" duration-ms="26593">
      <class name="sample.packages.Sample">
        <test-method is-config="true" signature="report()[pri:0, instance:sample.packages.Sample@41a0aa7d]" started-at="2022-11-07T12:08:57 IST" name="report" finished-at="2022-11-07T12:08:57 IST" duration-ms="503" status="PASS">
          <reporter-output>
          </reporter-output>
        </test-method> <!-- report -->
        <test-method signature="first()[pri:0, instance:sample.packages.Sample@41a0aa7d]" started-at="2022-11-07T12:08:57 IST" name="first" finished-at="2022-11-07T12:09:24 IST" duration-ms="26502" status="PASS">
          <reporter-output>
          </reporter-output>
        </test-method> <!-- first -->
        <test-method is-config="true" signature="reportexit()[pri:0, instance:sample.packages.Sample@41a0aa7d]" started-at="2022-11-07T12:09:24 IST" name="reportexit" finished-at="2022-11-07T12:09:25 IST" duration-ms="1353" status="PASS">
          <reporter-output>
          </reporter-output>
        </test-method> <!-- reportexit -->
      </class> <!-- sample.packages.Sample -->
    </test> <!-- Default test -->
  </suite> <!-- Default suite -->
</testng-results>
